DEBUG:urllib3.connectionpool:Starting new HTTPS connection (1): api.telegram.org:443
DEBUG:urllib3.connectionpool:https://api.telegram.org:443 "GET /bot1885900221:AAGUZsB5Wj0Z1_M1tl7lich0M86h4wLdjWo/getUpdates?timeout=20 HTTP/1.1" 200 402
INFO:root:DB initializated
DEBUG:urllib3.connectionpool:Starting new HTTPS connection (1): api.telegram.org:443
DEBUG:urllib3.connectionpool:https://api.telegram.org:443 "GET /bot1885900221:AAGUZsB5Wj0Z1_M1tl7lich0M86h4wLdjWo/getUpdates?offset=1&timeout=20 HTTP/1.1" 200 402
DEBUG:urllib3.connectionpool:Starting new HTTPS connection (1): api.telegram.org:443
DEBUG:urllib3.connectionpool:https://api.telegram.org:443 "GET /bot1885900221:AAGUZsB5Wj0Z1_M1tl7lich0M86h4wLdjWo/getUpdates?timeout=20 HTTP/1.1" 200 402
INFO:root:DB initializated
DEBUG:urllib3.connectionpool:Starting new HTTPS connection (1): api.telegram.org:443
DEBUG:urllib3.connectionpool:https://api.telegram.org:443 "GET /bot1885900221:AAGUZsB5Wj0Z1_M1tl7lich0M86h4wLdjWo/getUpdates?offset=1&timeout=20 HTTP/1.1" 200 402
DEBUG:urllib3.connectionpool:Starting new HTTPS connection (1): api.telegram.org:443
DEBUG:urllib3.connectionpool:https://api.telegram.org:443 "POST /bot1885900221:AAGUZsB5Wj0Z1_M1tl7lich0M86h4wLdjWo/sendMessage?chat_id=428510293&text=%D0%A7%D1%82%D0%BE+%D1%81%D0%BB%D1%83%D1%87%D0%B8%D0%BB%D0%BE%D1%81%D1%8C%3F&reply_to_message_id=550&reply_markup=%7B%22inline_keyboard%22%3A+%5B%5B%7B%22text%22%3A+%22%5Cu041b%5Cu0435%5Cu043d%5Cu0438%5Cu0432%5Cu043e%2F%5Cu0437%5Cu0430%5Cu0431%5Cu044b%5Cu043b%22%2C+%22callback_data%22%3A+%22procrastinate%22%7D%2C+%7B%22text%22%3A+%22%5Cu0424%5Cu043e%5Cu0440%5Cu0441-%5Cu041c%5Cu0430%5Cu0436%5Cu043e%5Cu0440%22%2C+%22callback_data%22%3A+%22force_major%22%7D%5D%5D%7D HTTP/1.1" 200 1040
DEBUG:urllib3.connectionpool:https://api.telegram.org:443 "GET /bot1885900221:AAGUZsB5Wj0Z1_M1tl7lich0M86h4wLdjWo/getUpdates?offset=189561581&timeout=20 HTTP/1.1" 200 1311
DEBUG:urllib3.connectionpool:https://api.telegram.org:443 "GET /bot1885900221:AAGUZsB5Wj0Z1_M1tl7lich0M86h4wLdjWo/sendChatAction?chat_id=428510293&action=typing HTTP/1.1" 200 25
DEBUG:urllib3.connectionpool:https://api.telegram.org:443 "POST /bot1885900221:AAGUZsB5Wj0Z1_M1tl7lich0M86h4wLdjWo/sendMessage?chat_id=428510293&text=%D0%9E+%D0%BD%D0%B5%D1%82%21+Marina+%D0%BF%D0%BE%D0%BA%D1%83%D0%BF%D0%B0%D0%B5%D1%82+%D1%81%D0%B8%D0%B4%D1%80%21 HTTP/1.1" 200 463
DEBUG:urllib3.connectionpool:https://api.telegram.org:443 "POST /bot1885900221:AAGUZsB5Wj0Z1_M1tl7lich0M86h4wLdjWo/deleteMessage?chat_id=428510293&message_id=551 HTTP/1.1" 200 25
DEBUG:urllib3.connectionpool:https://api.telegram.org:443 "GET /bot1885900221:AAGUZsB5Wj0Z1_M1tl7lich0M86h4wLdjWo/getUpdates?offset=189561582&timeout=20 HTTP/1.1" 200 402
DEBUG:urllib3.connectionpool:Starting new HTTPS connection (1): api.telegram.org:443
DEBUG:urllib3.connectionpool:https://api.telegram.org:443 "POST /bot1885900221:AAGUZsB5Wj0Z1_M1tl7lich0M86h4wLdjWo/sendMessage?chat_id=428510293&text=%D0%A7%D1%82%D0%BE+%D1%81%D0%BB%D1%83%D1%87%D0%B8%D0%BB%D0%BE%D1%81%D1%8C%3F&reply_to_message_id=553&reply_markup=%7B%22inline_keyboard%22%3A+%5B%5B%7B%22text%22%3A+%22%5Cu041b%5Cu0435%5Cu043d%5Cu0438%5Cu0432%5Cu043e%2F%5Cu0437%5Cu0430%5Cu0431%5Cu044b%5Cu043b%22%2C+%22callback_data%22%3A+%22procrastinate%22%7D%2C+%7B%22text%22%3A+%22%5Cu0424%5Cu043e%5Cu0440%5Cu0441-%5Cu041c%5Cu0430%5Cu0436%5Cu043e%5Cu0440%22%2C+%22callback_data%22%3A+%22force_major%22%7D%5D%5D%7D HTTP/1.1" 200 1040
DEBUG:urllib3.connectionpool:https://api.telegram.org:443 "GET /bot1885900221:AAGUZsB5Wj0Z1_M1tl7lich0M86h4wLdjWo/getUpdates?offset=189561583&timeout=20 HTTP/1.1" 200 1309
DEBUG:urllib3.connectionpool:https://api.telegram.org:443 "GET /bot1885900221:AAGUZsB5Wj0Z1_M1tl7lich0M86h4wLdjWo/sendChatAction?chat_id=428510293&action=typing HTTP/1.1" 200 25
DEBUG:urllib3.connectionpool:https://api.telegram.org:443 "POST /bot1885900221:AAGUZsB5Wj0Z1_M1tl7lich0M86h4wLdjWo/sendMessage?chat_id=428510293&text=%D0%A1%D0%BE%D1%80%D0%B8%2C+%D0%BE%D1%82%D0%BC%D0%B5%D1%87%D0%B0%D1%82%D1%8C%D1%81%D1%8F+%D0%BD%D0%B5%D1%81%D0%BA%D0%BE%D0%BB%D1%8C%D0%BA%D0%BE+%D1%80%D0%B0%D0%B7+%D0%B7%D0%B0+%D0%B4%D0%B5%D0%BD%D1%8C+%D0%BD%D0%B5%D0%BB%D1%8C%D0%B7%D1%8F%21&reply_to_message_id=554 HTTP/1.1" 200 1266
DEBUG:urllib3.connectionpool:https://api.telegram.org:443 "POST /bot1885900221:AAGUZsB5Wj0Z1_M1tl7lich0M86h4wLdjWo/deleteMessage?chat_id=428510293&message_id=554 HTTP/1.1" 200 25
DEBUG:urllib3.connectionpool:https://api.telegram.org:443 "GET /bot1885900221:AAGUZsB5Wj0Z1_M1tl7lich0M86h4wLdjWo/getUpdates?offset=189561584&timeout=20 HTTP/1.1" 200 403
DEBUG:urllib3.connectionpool:https://api.telegram.org:443 "GET /bot1885900221:AAGUZsB5Wj0Z1_M1tl7lich0M86h4wLdjWo/sendChatAction?chat_id=428510293&action=typing HTTP/1.1" 200 25
DEBUG:urllib3.connectionpool:https://api.telegram.org:443 "POST /bot1885900221:AAGUZsB5Wj0Z1_M1tl7lich0M86h4wLdjWo/sendMessage?chat_id=428510293&text=%D0%9F%D1%80%D0%BE%D1%81%D1%82%D0%BE+%D0%B7%D0%B0%D0%B3%D1%80%D1%83%D0%B7%D0%B8+%D0%B2%D0%B8%D0%B4%D0%B5%D0%BE+%D0%B8%D0%BB%D0%B8+%D1%84%D0%BE%D1%82%D0%BE+%3A%29&reply_to_message_id=556 HTTP/1.1" 200 877
DEBUG:urllib3.connectionpool:https://api.telegram.org:443 "GET /bot1885900221:AAGUZsB5Wj0Z1_M1tl7lich0M86h4wLdjWo/getUpdates?offset=189561585&timeout=20 HTTP/1.1" 200 402
DEBUG:urllib3.connectionpool:https://api.telegram.org:443 "GET /bot1885900221:AAGUZsB5Wj0Z1_M1tl7lich0M86h4wLdjWo/sendChatAction?chat_id=428510293&action=typing HTTP/1.1" 200 25
DEBUG:urllib3.connectionpool:https://api.telegram.org:443 "POST /bot1885900221:AAGUZsB5Wj0Z1_M1tl7lich0M86h4wLdjWo/sendMessage?chat_id=428510293&text=%D0%97%D0%B0%D0%B3%D1%80%D1%83%D0%B7%D0%B8+%D1%84%D0%BE%D1%82%D0%BE%2F%D0%B2%D0%B8%D0%B4%D0%B5%D0%BE&reply_to_message_id=558 HTTP/1.1" 200 817
DEBUG:urllib3.connectionpool:https://api.telegram.org:443 "GET /bot1885900221:AAGUZsB5Wj0Z1_M1tl7lich0M86h4wLdjWo/getUpdates?offset=189561586&timeout=20 HTTP/1.1" 200 345
DEBUG:urllib3.connectionpool:https://api.telegram.org:443 "GET /bot1885900221:AAGUZsB5Wj0Z1_M1tl7lich0M86h4wLdjWo/getUpdates?offset=189561587&timeout=20 HTTP/1.1" 200 23
DEBUG:urllib3.connectionpool:https://api.telegram.org:443 "GET /bot1885900221:AAGUZsB5Wj0Z1_M1tl7lich0M86h4wLdjWo/getUpdates?offset=189561587&timeout=20 HTTP/1.1" 200 23
DEBUG:urllib3.connectionpool:https://api.telegram.org:443 "GET /bot1885900221:AAGUZsB5Wj0Z1_M1tl7lich0M86h4wLdjWo/getUpdates?offset=189561587&timeout=20 HTTP/1.1" 200 402
DEBUG:urllib3.connectionpool:https://api.telegram.org:443 "GET /bot1885900221:AAGUZsB5Wj0Z1_M1tl7lich0M86h4wLdjWo/sendChatAction?chat_id=428510293&action=typing HTTP/1.1" 200 25
DEBUG:urllib3.connectionpool:https://api.telegram.org:443 "POST /bot1885900221:AAGUZsB5Wj0Z1_M1tl7lich0M86h4wLdjWo/sendMessage?chat_id=428510293&text=%D0%9A%D0%BE%D0%BB-%D0%B2%D0%BE+%D0%B7%D0%B0%D0%BD%D1%8F%D1%82%D0%B8%D0%B9%3A++++++0%2C%0A%D0%9A%D0%BE%D0%BB-%D0%B2%D0%BE+%D0%BF%D1%80%D0%BE%D0%BF%D1%83%D1%81%D0%BA%D0%BE%D0%B2%3A++++1%2C%0A%D0%9A%D0%BE%D0%BB-%D0%B2%D0%BE+%D1%84%D0%BE%D1%80%D1%81-%D0%BC%D0%B0%D0%B6%D0%BE%D1%80%D0%BE%D0%B2%3A+0.&reply_to_message_id=561 HTTP/1.1" 200 1002
DEBUG:urllib3.connectionpool:https://api.telegram.org:443 "GET /bot1885900221:AAGUZsB5Wj0Z1_M1tl7lich0M86h4wLdjWo/getUpdates?offset=189561588&timeout=20 HTTP/1.1" 200 23
DEBUG:urllib3.connectionpool:https://api.telegram.org:443 "GET /bot1885900221:AAGUZsB5Wj0Z1_M1tl7lich0M86h4wLdjWo/getUpdates?offset=189561588&timeout=20 HTTP/1.1" 200 402
DEBUG:urllib3.connectionpool:https://api.telegram.org:443 "GET /bot1885900221:AAGUZsB5Wj0Z1_M1tl7lich0M86h4wLdjWo/sendChatAction?chat_id=428510293&action=typing HTTP/1.1" 200 25
DEBUG:urllib3.connectionpool:https://api.telegram.org:443 "POST /bot1885900221:AAGUZsB5Wj0Z1_M1tl7lich0M86h4wLdjWo/sendMessage?chat_id=428510293&text=%D0%9A%D0%BE%D0%BB-%D0%B2%D0%BE+%D0%B7%D0%B0%D0%BD%D1%8F%D1%82%D0%B8%D0%B9%3A++++++0%2C%0A%D0%9A%D0%BE%D0%BB-%D0%B2%D0%BE+%D0%BF%D1%80%D0%BE%D0%BF%D1%83%D1%81%D0%BA%D0%BE%D0%B2%3A++++1%2C%0A%D0%9A%D0%BE%D0%BB-%D0%B2%D0%BE+%D1%84%D0%BE%D1%80%D1%81-%D0%BC%D0%B0%D0%B6%D0%BE%D1%80%D0%BE%D0%B2%3A+0.&reply_to_message_id=563 HTTP/1.1" 200 1002
DEBUG:urllib3.connectionpool:https://api.telegram.org:443 "GET /bot1885900221:AAGUZsB5Wj0Z1_M1tl7lich0M86h4wLdjWo/getUpdates?offset=189561589&timeout=20 HTTP/1.1" 200 23
DEBUG:urllib3.connectionpool:https://api.telegram.org:443 "GET /bot1885900221:AAGUZsB5Wj0Z1_M1tl7lich0M86h4wLdjWo/getUpdates?offset=189561589&timeout=20 HTTP/1.1" 200 23
DEBUG:urllib3.connectionpool:https://api.telegram.org:443 "GET /bot1885900221:AAGUZsB5Wj0Z1_M1tl7lich0M86h4wLdjWo/getUpdates?offset=189561589&timeout=20 HTTP/1.1" 200 403
DEBUG:urllib3.connectionpool:https://api.telegram.org:443 "GET /bot1885900221:AAGUZsB5Wj0Z1_M1tl7lich0M86h4wLdjWo/sendChatAction?chat_id=428510293&action=typing HTTP/1.1" 200 25
DEBUG:urllib3.connectionpool:https://api.telegram.org:443 "POST /bot1885900221:AAGUZsB5Wj0Z1_M1tl7lich0M86h4wLdjWo/sendMessage?chat_id=428510293&text=%D0%9F%D1%80%D0%BE%D1%81%D1%82%D0%BE+%D0%B7%D0%B0%D0%B3%D1%80%D1%83%D0%B7%D0%B8+%D0%B2%D0%B8%D0%B4%D0%B5%D0%BE+%D0%B8%D0%BB%D0%B8+%D1%84%D0%BE%D1%82%D0%BE+%3A%29&reply_to_message_id=565 HTTP/1.1" 200 877
